<?xml version="1.0" encoding="UTF-8"?>
<!-- Generated by org.testng.reporters.JUnitReportReporter -->
<testsuite hostname="DESKTOP-1SSOFLA" failures="0" tests="2" name="com.SeleniumUdemy.Practice.Ola" time="15.699" errors="0" timestamp="2022-12-01T11:23:29 IST" skipped="0">
  <testcase classname="com.SeleniumUdemy.Practice.Ola" name="Test1" time="14.371"/>
  <system-out/>
  <testcase classname="com.SeleniumUdemy.Practice.Ola" name="Test2" time="1.328"/>
  <system-out/>
</testsuite> <!-- com.SeleniumUdemy.Practice.Ola -->
