<?xml version="1.0" encoding="UTF-8"?>
<!-- Generated by org.testng.reporters.JUnitReportReporter -->
<testsuite hostname="DESKTOP-1SSOFLA" failures="0" tests="1" name="com.SeleniumUdemy.JavaSteams.Steams" time="0.020" errors="0" timestamp="2022-10-28T16:36:27 IST" skipped="0">
  <testcase classname="com.SeleniumUdemy.JavaSteams.Steams" name="Streams" time="0.020"/>
  <system-out/>
</testsuite> <!-- com.SeleniumUdemy.JavaSteams.Steams -->
