<?xml version="1.0" encoding="UTF-8"?>
<!-- Generated by org.testng.reporters.JUnitReportReporter -->
<testsuite hostname="DESKTOP-1SSOFLA" failures="0" tests="3" name="Nykaa_Test.Nykaa_Test" time="66.744" errors="0" timestamp="2022-11-25T10:15:42 IST" skipped="0">
  <testcase classname="Nykaa_Test.Nykaa_Test" name="compareActualAndExpectedProducts" time="36.323"/>
  <system-out/>
  <testcase classname="Nykaa_Test.Nykaa_Test" name="EmptyBag_Test" time="7.244"/>
  <system-out/>
  <testcase classname="Nykaa_Test.Nykaa_Test" name="Login_Test" time="23.177"/>
  <system-out/>
</testsuite> <!-- Nykaa_Test.Nykaa_Test -->
