<?xml version="1.0" encoding="UTF-8"?>
<!-- Generated by org.testng.reporters.JUnitReportReporter -->
<testsuite hostname="DESKTOP-1SSOFLA" failures="0" tests="2" name="Cucumber.TestNGRunner" time="159.687" errors="0" timestamp="2023-01-06T11:30:12 IST" skipped="0">
  <testcase classname="Cucumber.TestNGRunner" name="runScenario" time="89.624"/>
  <system-out/>
  <testcase classname="Cucumber.TestNGRunner" name="runScenario" time="70.063"/>
  <system-out/>
</testsuite> <!-- Cucumber.TestNGRunner -->
