<?xml version="1.0" encoding="UTF-8"?>
<!-- Generated by org.testng.reporters.JUnitReportReporter -->
<testsuite hostname="DESKTOP-1SSOFLA" failures="0" tests="1" name="com.SeleniumUdemy.TestNG.HelperAttributes" time="0.006" errors="0" timestamp="2022-11-15T11:05:54 IST" skipped="0">
  <testcase classname="com.SeleniumUdemy.TestNG.HelperAttributes" name="run1" time="0.006"/>
  <system-out/>
</testsuite> <!-- com.SeleniumUdemy.TestNG.HelperAttributes -->
