<?xml version="1.0" encoding="UTF-8"?>
<!-- Generated by org.testng.reporters.JUnitReportReporter -->
<testsuite hostname="DESKTOP-1SSOFLA" failures="0" tests="2" name="Nykaa_Test.d_LogoutTest" time="28.385" errors="0" timestamp="2022-12-02T11:40:12 IST" skipped="0">
  <testcase classname="Nykaa_Test.d_LogoutTest" name="Login_Test" time="27.642"/>
  <system-out/>
  <testcase classname="Nykaa_Test.d_LogoutTest" name="LoggingOut" time="0.743"/>
  <system-out/>
</testsuite> <!-- Nykaa_Test.d_LogoutTest -->
