<?xml version="1.0" encoding="UTF-8"?>
<!-- Generated by org.testng.reporters.JUnitReportReporter -->
<testsuite hostname="DESKTOP-1SSOFLA" failures="0" tests="5" name="com.SeleniumUdemy.TestNG.Parameterization" time="0.039" errors="0" timestamp="2022-11-15T11:05:54 IST" skipped="0">
  <testcase classname="com.SeleniumUdemy.TestNG.Parameterization" name="Run" time="0.006"/>
  <system-out/>
  <testcase classname="com.SeleniumUdemy.TestNG.Parameterization" name="Run" time="0.007"/>
  <system-out/>
  <testcase classname="com.SeleniumUdemy.TestNG.Parameterization" name="Run" time="0.007"/>
  <system-out/>
  <testcase classname="com.SeleniumUdemy.TestNG.Parameterization" name="Run" time="0.009"/>
  <system-out/>
  <testcase classname="com.SeleniumUdemy.TestNG.Parameterization" name="Test" time="0.010"/>
  <system-out/>
</testsuite> <!-- com.SeleniumUdemy.TestNG.Parameterization -->
