<?xml version="1.0" encoding="UTF-8"?>
<!-- Generated by org.testng.reporters.JUnitReportReporter -->
<testsuite hostname="DESKTOP-1SSOFLA" failures="0" tests="1" name="Nykaa_Test.a_LoginTest" time="29.594" errors="0" timestamp="2022-12-05T10:30:54 IST" skipped="0">
  <testcase classname="Nykaa_Test.a_LoginTest" name="Login_Test" time="29.594"/>
  <system-out/>
</testsuite> <!-- Nykaa_Test.a_LoginTest -->
