<?xml version="1.0" encoding="UTF-8"?>
<!-- Generated by org.testng.reporters.JUnitReportReporter -->
<testsuite hostname="DESKTOP-1SSOFLA" failures="0" tests="2" name="Nykaa_Test.b_EmptyCartTest" time="32.016" errors="0" timestamp="2022-12-05T10:32:42 IST" skipped="0">
  <testcase classname="Nykaa_Test.b_EmptyCartTest" name="EmptyBag_Test" time="8.374"/>
  <system-out/>
  <testcase classname="Nykaa_Test.b_EmptyCartTest" name="Login_Test" time="23.642"/>
  <system-out/>
</testsuite> <!-- Nykaa_Test.b_EmptyCartTest -->
