<?xml version="1.0" encoding="UTF-8"?>
<!-- Generated by org.testng.reporters.JUnitReportReporter -->
<testsuite hostname="DESKTOP-1SSOFLA" failures="0" tests="1" name="com.SeleniumUdemy.TestNG.Basics2" time="0.004" errors="0" timestamp="2022-11-14T11:23:59 IST" skipped="0">
  <testcase classname="com.SeleniumUdemy.TestNG.Basics2" name="run1" time="0.004"/>
  <system-out/>
</testsuite> <!-- com.SeleniumUdemy.TestNG.Basics2 -->
