<?xml version="1.0" encoding="UTF-8"?>
<!-- Generated by org.testng.reporters.JUnitReportReporter -->
<testsuite hostname="DESKTOP-1SSOFLA" failures="0" tests="2" name="com.SeleniumUdemy.TestNG.Annotations" time="0.043" errors="0" timestamp="2022-11-15T11:05:54 IST" skipped="0">
  <testcase classname="com.SeleniumUdemy.TestNG.Annotations" name="run" time="0.037"/>
  <system-out/>
  <testcase classname="com.SeleniumUdemy.TestNG.Annotations" name="run1" time="0.006"/>
  <system-out/>
</testsuite> <!-- com.SeleniumUdemy.TestNG.Annotations -->
