<?xml version="1.0" encoding="UTF-8"?>
<!-- Generated by org.testng.reporters.JUnitReportReporter -->
<testsuite hostname="DESKTOP-1SSOFLA" failures="0" tests="2" name="com.SeleniumUdemy.TestNG.Basics1" time="0.047" errors="0" timestamp="2022-11-14T11:23:59 IST" skipped="0">
  <testcase classname="com.SeleniumUdemy.TestNG.Basics1" name="run" time="0.039"/>
  <system-out/>
  <testcase classname="com.SeleniumUdemy.TestNG.Basics1" name="run1" time="0.008"/>
  <system-out/>
</testsuite> <!-- com.SeleniumUdemy.TestNG.Basics1 -->
