<?xml version="1.0" encoding="UTF-8"?>
<!-- Generated by org.testng.reporters.JUnitReportReporter -->
<testsuite hostname="DESKTOP-1SSOFLA" failures="0" tests="2" name="Nykaa_Test.c_ProductsTest" time="65.523" errors="0" timestamp="2023-01-02T12:12:43 IST" skipped="0">
  <testcase classname="Nykaa_Test.c_ProductsTest" name="ProdcutsTest" time="45.185"/>
  <system-out/>
  <testcase classname="Nykaa_Test.c_ProductsTest" name="ProdcutsTest" time="20.338"/>
  <system-out/>
</testsuite> <!-- Nykaa_Test.c_ProductsTest -->
